<?xml version="1.0" encoding="UTF-8"?>
<testsuites name="jest tests" tests="25" failures="1" errors="0" time="5.312">
  <testsuite name="AppController" errors="0" failures="0" skipped="0" timestamp="2023-02-24T19:30:48" time="4.154" tests="2">
    <testcase classname="AppController login should return access token" name="AppController login should return access token" time="0.01">
    </testcase>
    <testcase classname="AppController getProfile should return user profile" name="AppController getProfile should return user profile" time="0.002">
    </testcase>
  </testsuite>
  <testsuite name="PagesService" errors="0" failures="0" skipped="0" timestamp="2023-02-24T19:30:48" time="4.349" tests="4">
    <testcase classname="PagesService create should be create the new page" name="PagesService create should be create the new page" time="0.144">
    </testcase>
    <testcase classname="PagesService findAll should be find all pages" name="PagesService findAll should be find all pages" time="0">
    </testcase>
    <testcase classname="PagesService findOne should return a single page by id" name="PagesService findOne should return a single page by id" time="0.01">
    </testcase>
    <testcase classname="PagesService removePage should remove a page" name="PagesService removePage should remove a page" time="0.01">
    </testcase>
  </testsuite>
  <testsuite name="PagesController" errors="0" failures="1" skipped="0" timestamp="2023-02-24T19:30:48" time="4.425" tests="1">
    <testcase classname="PagesController should be defined" name="PagesController should be defined" time="0.004">
      <failure>Error: Nest can&apos;t resolve dependencies of the PagesService (?). Please make sure that the argument PrismaService at index [0] is available in the RootTestModule context.

Potential solutions:
- Is RootTestModule a valid NestJS module?
- If PrismaService is a provider, is it part of the current RootTestModule?
- If PrismaService is exported from a separate @Module, is that module imported within RootTestModule?
  @Module({
    imports: [ /* the Module containing PrismaService */ ]
  })

    at TestingInjector.lookupComponentInParentModules (/Users/josue/Documents/Pro/fil-rouge/MLV_back/node_modules/@nestjs/core/injector/injector.js:247:19)
    at processTicksAndRejections (node:internal/process/task_queues:95:5)
    at TestingInjector.resolveComponentInstance (/Users/josue/Documents/Pro/fil-rouge/MLV_back/node_modules/@nestjs/core/injector/injector.js:200:33)
    at TestingInjector.resolveComponentInstance (/Users/josue/Documents/Pro/fil-rouge/MLV_back/node_modules/@nestjs/testing/testing-injector.js:19:45)
    at resolveParam (/Users/josue/Documents/Pro/fil-rouge/MLV_back/node_modules/@nestjs/core/injector/injector.js:120:38)
    at async Promise.all (index 0)
    at TestingInjector.resolveConstructorParams (/Users/josue/Documents/Pro/fil-rouge/MLV_back/node_modules/@nestjs/core/injector/injector.js:135:27)
    at TestingInjector.loadInstance (/Users/josue/Documents/Pro/fil-rouge/MLV_back/node_modules/@nestjs/core/injector/injector.js:61:13)
    at TestingInjector.loadProvider (/Users/josue/Documents/Pro/fil-rouge/MLV_back/node_modules/@nestjs/core/injector/injector.js:88:9)
    at /Users/josue/Documents/Pro/fil-rouge/MLV_back/node_modules/@nestjs/core/injector/instance-loader.js:49:13
    at async Promise.all (index 3)
    at TestingInstanceLoader.createInstancesOfProviders (/Users/josue/Documents/Pro/fil-rouge/MLV_back/node_modules/@nestjs/core/injector/instance-loader.js:48:9)
    at /Users/josue/Documents/Pro/fil-rouge/MLV_back/node_modules/@nestjs/core/injector/instance-loader.js:33:13
    at async Promise.all (index 1)
    at TestingInstanceLoader.createInstances (/Users/josue/Documents/Pro/fil-rouge/MLV_back/node_modules/@nestjs/core/injector/instance-loader.js:32:9)
    at TestingInstanceLoader.createInstancesOfDependencies (/Users/josue/Documents/Pro/fil-rouge/MLV_back/node_modules/@nestjs/core/injector/instance-loader.js:21:9)
    at TestingInstanceLoader.createInstancesOfDependencies (/Users/josue/Documents/Pro/fil-rouge/MLV_back/node_modules/@nestjs/testing/testing-instance-loader.js:9:9)
    at TestingModuleBuilder.createInstancesOfDependencies (/Users/josue/Documents/Pro/fil-rouge/MLV_back/node_modules/@nestjs/testing/testing-module.builder.js:97:9)
    at TestingModuleBuilder.compile (/Users/josue/Documents/Pro/fil-rouge/MLV_back/node_modules/@nestjs/testing/testing-module.builder.js:63:9)
    at Object.&lt;anonymous&gt; (/Users/josue/Documents/Pro/fil-rouge/MLV_back/src/pages/pages.controller.spec.ts:9:35)</failure>
    </testcase>
  </testsuite>
  <testsuite name="UtilisateursController" errors="0" failures="0" skipped="0" timestamp="2023-02-24T19:30:48" time="4.428" tests="5">
    <testcase classname="UtilisateursController create should return the created user" name="UtilisateursController create should return the created user" time="0.006">
    </testcase>
    <testcase classname="UtilisateursController findAll should return an array of users" name="UtilisateursController findAll should return an array of users" time="0.001">
    </testcase>
    <testcase classname="UtilisateursController findOne should return a user with the specified id" name="UtilisateursController findOne should return a user with the specified id" time="0.001">
    </testcase>
    <testcase classname="UtilisateursController update should return the updated user" name="UtilisateursController update should return the updated user" time="0.001">
    </testcase>
    <testcase classname="UtilisateursController remove should delete the  user" name="UtilisateursController remove should delete the  user" time="0.004">
    </testcase>
  </testsuite>
  <testsuite name="PrismaClientExceptionFilter" errors="0" failures="0" skipped="0" timestamp="2023-02-24T19:30:52" time="0.315" tests="1">
    <testcase classname="PrismaClientExceptionFilter should be defined" name="PrismaClientExceptionFilter should be defined" time="0.001">
    </testcase>
  </testsuite>
  <testsuite name="AuthService" errors="0" failures="0" skipped="0" timestamp="2023-02-24T19:30:48" time="5.025" tests="5">
    <testcase classname="AuthService should be defined" name="AuthService should be defined" time="0.19">
    </testcase>
    <testcase classname="AuthService validateUser should return a user object if the email and password are correct" name="AuthService validateUser should return a user object if the email and password are correct" time="0.197">
    </testcase>
    <testcase classname="AuthService validateUser should throw an error if the user is not found" name="AuthService validateUser should throw an error if the user is not found" time="0.099">
    </testcase>
    <testcase classname="AuthService validateUser should throw an error if the password is incorrect" name="AuthService validateUser should throw an error if the password is incorrect" time="0.211">
    </testcase>
    <testcase classname="AuthService login should return a JWT token if the email and password are correct" name="AuthService login should return a JWT token if the email and password are correct" time="0.168">
    </testcase>
  </testsuite>
  <testsuite name="UtilisateursService" errors="0" failures="0" skipped="0" timestamp="2023-02-24T19:30:48" time="5.11" tests="7">
    <testcase classname="UtilisateursService createUtilisateur should create a new user with hashed password" name="UtilisateursService createUtilisateur should create a new user with hashed password" time="0.272">
    </testcase>
    <testcase classname="UtilisateursService findMany should return an array of users" name="UtilisateursService findMany should return an array of users" time="0.127">
    </testcase>
    <testcase classname="UtilisateursService findMany findOne should return the user with the specified id" name="UtilisateursService findMany findOne should return the user with the specified id" time="0.062">
    </testcase>
    <testcase classname="UtilisateursService findMany deleteUtilisateur should delete the user with the specified id" name="UtilisateursService findMany deleteUtilisateur should delete the user with the specified id" time="0.068">
    </testcase>
    <testcase classname="UtilisateursService updatePassword should update the password of the user with the specified id" name="UtilisateursService updatePassword should update the password of the user with the specified id" time="0.236">
    </testcase>
    <testcase classname="UtilisateursService updatePassword should throw an error if the user is not found" name="UtilisateursService updatePassword should throw an error if the user is not found" time="0.063">
    </testcase>
    <testcase classname="UtilisateursService updatePassword should throw an error if the current password is incorrect" name="UtilisateursService updatePassword should throw an error if the current password is incorrect" time="0.12">
    </testcase>
  </testsuite>
</testsuites>