<?xml version="1.0" encoding="UTF-8"?>
<testsuites name="jest tests" tests="14" failures="0" errors="0" time="4.302">
  <testsuite name="AppController" errors="0" failures="0" skipped="0" timestamp="2023-02-23T11:57:54" time="2.923" tests="1">
    <testcase classname="AppController root should return &quot;Hello World!&quot;" name="AppController root should return &quot;Hello World!&quot;" time="0.007">
    </testcase>
  </testsuite>
  <testsuite name="PrismaClientExceptionFilter" errors="0" failures="0" skipped="0" timestamp="2023-02-23T11:57:54" time="2.979" tests="1">
    <testcase classname="PrismaClientExceptionFilter should be defined" name="PrismaClientExceptionFilter should be defined" time="0">
    </testcase>
  </testsuite>
  <testsuite name="UtilisateursController" errors="0" failures="0" skipped="0" timestamp="2023-02-23T11:57:54" time="3.183" tests="5">
    <testcase classname="UtilisateursController create should return the created user" name="UtilisateursController create should return the created user" time="0.007">
    </testcase>
    <testcase classname="UtilisateursController findAll should return an array of users" name="UtilisateursController findAll should return an array of users" time="0.002">
    </testcase>
    <testcase classname="UtilisateursController findOne should return a user with the specified id" name="UtilisateursController findOne should return a user with the specified id" time="0.001">
    </testcase>
    <testcase classname="UtilisateursController update should return the updated user" name="UtilisateursController update should return the updated user" time="0.001">
    </testcase>
    <testcase classname="UtilisateursController remove should delete the  user" name="UtilisateursController remove should delete the  user" time="0.001">
    </testcase>
  </testsuite>
  <testsuite name="UtilisateursService" errors="0" failures="0" skipped="0" timestamp="2023-02-23T11:57:54" time="4.081" tests="7">
    <testcase classname="UtilisateursService createUtilisateur should create a new user with hashed password" name="UtilisateursService createUtilisateur should create a new user with hashed password" time="0.291">
    </testcase>
    <testcase classname="UtilisateursService findMany should return an array of users" name="UtilisateursService findMany should return an array of users" time="0.126">
    </testcase>
    <testcase classname="UtilisateursService findMany findOne should return the user with the specified id" name="UtilisateursService findMany findOne should return the user with the specified id" time="0.076">
    </testcase>
    <testcase classname="UtilisateursService findMany deleteUtilisateur should delete the user with the specified id" name="UtilisateursService findMany deleteUtilisateur should delete the user with the specified id" time="0.089">
    </testcase>
    <testcase classname="UtilisateursService updatePassword should update the password of the user with the specified id" name="UtilisateursService updatePassword should update the password of the user with the specified id" time="0.263">
    </testcase>
    <testcase classname="UtilisateursService updatePassword should throw an error if the user is not found" name="UtilisateursService updatePassword should throw an error if the user is not found" time="0.064">
    </testcase>
    <testcase classname="UtilisateursService updatePassword should throw an error if the current password is incorrect" name="UtilisateursService updatePassword should throw an error if the current password is incorrect" time="0.134">
    </testcase>
  </testsuite>
</testsuites>